<?xml version="1.0" encoding="UTF-8"?>
<!-- Generated by org.testng.reporters.JUnitReportReporter -->
<testsuite hostname="Shumson" failures="0" tests="3" name="com.tutorialsninja.qa.testcases.Search" time="21.913" errors="0" timestamp="2023-07-03T08:26:57 EDT" skipped="0">
  <testcase classname="com.tutorialsninja.qa.testcases.Search" name="verifySearchWithValidProduct" time="7.613"/>
  <system-out/>
  <testcase classname="com.tutorialsninja.qa.testcases.Search" name="verifySearchWithInvalidProduct" time="7.261"/>
  <system-out/>
  <testcase classname="com.tutorialsninja.qa.testcases.Search" name="verifySearchWithoutAnyProduct" time="7.039"/>
  <system-out/>
</testsuite> <!-- com.tutorialsninja.qa.testcases.Search -->
